<?xml version="1.0" encoding="UTF-8"?>
<!-- Generated by org.testng.reporters.JUnitXMLReporter -->
<testsuite hostname="Sandeeps-MacBook-Air.local" ignored="0" name="RestAPI" tests="12" failures="1" timestamp="03 Mar 2019 23:06:42 GMT" time="23.205" errors="0">
  <testcase name="Test1" time="4.462" classname="RestAssuredMaven.RestAssuredMaven.CreateDeletePlaceConfigTest"/>
  <testcase name="addBook" time="1.738" classname="RestAssuredMaven.RestAssuredMaven.DataParameterizationTest"/>
  <testcase name="addBook" time="1.521" classname="RestAssuredMaven.RestAssuredMaven.DataParameterizationTest"/>
  <testcase name="addBook" time="1.277" classname="RestAssuredMaven.RestAssuredMaven.DataParameterizationTest"/>
  <testcase name="JiraAPI" time="1.561" classname="RestAssuredMaven.RestAssuredMaven.JiraAPIBasics"/>
  <testcase name="Test1" time="1.554" classname="RestAssuredMaven.RestAssuredMaven.CreateAndDeletePlaceTest"/>
  <testcase name="Test1" time="0.821" classname="RestAssuredMaven.RestAssuredMaven.PostCreatePlaceTest"/>
  <testcase name="TestAPI" time="2.559" classname="RestAssuredMaven.RestAssuredMaven.LibraryAPITest"/>
  <testcase name="TestAPI" time="3.575" classname="RestAssuredMaven.RestAssuredMaven.StaticJSONTest"/>
  <testcase name="TestAPI" time="2.454" classname="RestAssuredMaven.RestAssuredMaven.DynamicJSONTest"/>
  <testcase name="JiraAPI" time="0.665" classname="RestAssuredMaven.RestAssuredMaven.JiraAPIAddUpdateCommentPUT"/>
  <testcase name="Test1" time="0.903" classname="RestAssuredMaven.RestAssuredMaven.CreateAndDeletePlaceXMLTest">
    <failure type="io.restassured.path.xml.exception.XmlPathException" message="Failed to parse the XML document">
      <![CDATA[io.restassured.path.xml.exception.XmlPathException: Failed to parse the XML document
at io.restassured.path.xml.XmlPath$LazyXmlParser.invoke(XmlPath.java:1021)
at io.restassured.path.xml.XmlPath.getFromPath(XmlPath.java:422)
at io.restassured.path.xml.XmlPath.get(XmlPath.java:317)
at RestAssuredMaven.RestAssuredMaven.CreateAndDeletePlaceXMLTest.Test1(CreateAndDeletePlaceXMLTest.java:61)
Caused by: org.xml.sax.SAXParseException; lineNumber: 1; columnNumber: 1; Premature end of file.
at com.sun.org.apache.xerces.internal.parsers.AbstractSAXParser.parse(AbstractSAXParser.java:1239)
at com.sun.org.apache.xerces.internal.jaxp.SAXParserImpl$JAXPSAXParser.parse(SAXParserImpl.java:643)
at groovy.util.XmlSlurper.parse(XmlSlurper.java:205)
at groovy.util.XmlSlurper.parse(XmlSlurper.java:258)
at groovy.util.XmlSlurper.parseText(XmlSlurper.java:284)
at io.restassured.path.xml.XmlPath$1.method(XmlPath.java:838)
at io.restassured.path.xml.XmlPath$LazyXmlParser.invoke(XmlPath.java:1014)
... 31 more
... Removed 28 stack frames]]>
    </failure>
  </testcase> <!-- Test1 -->
</testsuite> <!-- RestAPI -->
