<?xml version="1.0" encoding="UTF-8"?>
<testsuite name="TestSuite" time="20.328" tests="12" errors="0" skipped="0" failures="1">
  <properties>
[...]
</properties>
  <testcase name="Test1" classname="RestAssuredMaven.RestAssuredMaven.CreateDeletePlaceConfigTest" time="4.462"/>
  <testcase name="addBook" classname="RestAssuredMaven.RestAssuredMaven.DataParameterizationTest" time="1.742"/>
  <testcase name="addBook" classname="RestAssuredMaven.RestAssuredMaven.DataParameterizationTest" time="1.517"/>
  <testcase name="addBook" classname="RestAssuredMaven.RestAssuredMaven.DataParameterizationTest" time="1.278"/>
  <testcase name="JiraAPI" classname="RestAssuredMaven.RestAssuredMaven.JiraAPIBasics" time="1.563"/>
  <testcase name="Test1" classname="RestAssuredMaven.RestAssuredMaven.CreateAndDeletePlaceTest" time="1.554"/>
  <testcase name="Test1" classname="RestAssuredMaven.RestAssuredMaven.PostCreatePlaceTest" time="0.822"/>
  <testcase name="TestAPI" classname="RestAssuredMaven.RestAssuredMaven.LibraryAPITest" time="2.56"/>
  <testcase name="TestAPI" classname="RestAssuredMaven.RestAssuredMaven.StaticJSONTest" time="3.575"/>
  <testcase name="TestAPI" classname="RestAssuredMaven.RestAssuredMaven.DynamicJSONTest" time="2.465"/>
  <testcase name="JiraAPI" classname="RestAssuredMaven.RestAssuredMaven.JiraAPIAddUpdateCommentPUT" time="0.655"/>
  <testcase name="Test1" classname="RestAssuredMaven.RestAssuredMaven.CreateAndDeletePlaceXMLTest" time="0.93">
    <failure message="Failed to parse the XML document" type="io.restassured.path.xml.exception.XmlPathException">io.restassured.path.xml.exception.XmlPathException: Failed to parse the XML document
	at com.sun.org.apache.xerces.internal.parsers.AbstractSAXParser.parse(AbstractSAXParser.java:1239)
	at com.sun.org.apache.xerces.internal.jaxp.SAXParserImpl$JAXPSAXParser.parse(SAXParserImpl.java:643)
	at groovy.util.XmlSlurper.parse(XmlSlurper.java:205)
	at groovy.util.XmlSlurper.parse(XmlSlurper.java:258)
	at groovy.util.XmlSlurper.parseText(XmlSlurper.java:284)
	at io.restassured.path.xml.XmlPath$1.method(XmlPath.java:838)
	at io.restassured.path.xml.XmlPath$LazyXmlParser.invoke(XmlPath.java:1014)
	at io.restassured.path.xml.XmlPath.getFromPath(XmlPath.java:422)
	at io.restassured.path.xml.XmlPath.get(XmlPath.java:317)
	at RestAssuredMaven.RestAssuredMaven.CreateAndDeletePlaceXMLTest.Test1(CreateAndDeletePlaceXMLTest.java:61)
</failure>
    <system-out><![CDATA[Raw string response for the create request: 
]]></system-out>
    <system-err><![CDATA[[Fatal Error] :1:1: Premature end of file.
]]></system-err>
  </testcase>
</testsuite>