<?xml version="1.0" encoding="UTF-8"?>
<testng-results skipped="0" failed="1" ignored="0" total="12" passed="11">
  <reporter-output>
  </reporter-output>
  <suite name="Suite" duration-ms="23205" started-at="2019-03-03T23:06:19Z" finished-at="2019-03-03T23:06:42Z">
    <groups>
    </groups>
    <test name="RestAPI" duration-ms="23205" started-at="2019-03-03T23:06:19Z" finished-at="2019-03-03T23:06:42Z">
      <class name="RestAssuredMaven.RestAssuredMaven.JiraAPIBasics">
        <test-method status="PASS" signature="JiraAPI()[pri:0, instance:RestAssuredMaven.RestAssuredMaven.JiraAPIBasics@53b32d7]" name="JiraAPI" duration-ms="1561" started-at="2019-03-03T23:06:28Z" finished-at="2019-03-03T23:06:29Z">
          <reporter-output>
          </reporter-output>
        </test-method> <!-- JiraAPI -->
      </class> <!-- RestAssuredMaven.RestAssuredMaven.JiraAPIBasics -->
      <class name="RestAssuredMaven.RestAssuredMaven.LibraryAPITest">
        <test-method status="PASS" signature="TestAPI()[pri:0, instance:RestAssuredMaven.RestAssuredMaven.LibraryAPITest@77cd7a0]" name="TestAPI" duration-ms="2559" started-at="2019-03-03T23:06:32Z" finished-at="2019-03-03T23:06:34Z">
          <reporter-output>
          </reporter-output>
        </test-method> <!-- TestAPI -->
      </class> <!-- RestAssuredMaven.RestAssuredMaven.LibraryAPITest -->
      <class name="RestAssuredMaven.RestAssuredMaven.DynamicJSONTest">
        <test-method status="PASS" signature="TestAPI()[pri:0, instance:RestAssuredMaven.RestAssuredMaven.DynamicJSONTest@e25b2fe]" name="TestAPI" duration-ms="2454" started-at="2019-03-03T23:06:38Z" finished-at="2019-03-03T23:06:40Z">
          <reporter-output>
          </reporter-output>
        </test-method> <!-- TestAPI -->
      </class> <!-- RestAssuredMaven.RestAssuredMaven.DynamicJSONTest -->
      <class name="RestAssuredMaven.RestAssuredMaven.StaticJSONTest">
        <test-method status="PASS" signature="TestAPI()[pri:0, instance:RestAssuredMaven.RestAssuredMaven.StaticJSONTest@204f30ec]" name="TestAPI" duration-ms="3575" started-at="2019-03-03T23:06:34Z" finished-at="2019-03-03T23:06:38Z">
          <reporter-output>
          </reporter-output>
        </test-method> <!-- TestAPI -->
      </class> <!-- RestAssuredMaven.RestAssuredMaven.StaticJSONTest -->
      <class name="RestAssuredMaven.RestAssuredMaven.JiraAPIAddUpdateCommentPUT">
        <test-method status="PASS" signature="JiraAPI()[pri:0, instance:RestAssuredMaven.RestAssuredMaven.JiraAPIAddUpdateCommentPUT@5442a311]" name="JiraAPI" duration-ms="665" started-at="2019-03-03T23:06:40Z" finished-at="2019-03-03T23:06:41Z">
          <reporter-output>
          </reporter-output>
        </test-method> <!-- JiraAPI -->
      </class> <!-- RestAssuredMaven.RestAssuredMaven.JiraAPIAddUpdateCommentPUT -->
      <class name="RestAssuredMaven.RestAssuredMaven.CreateAndDeletePlaceTest">
        <test-method status="PASS" signature="Test1()[pri:0, instance:RestAssuredMaven.RestAssuredMaven.CreateAndDeletePlaceTest@1a968a59]" name="Test1" duration-ms="1554" started-at="2019-03-03T23:06:29Z" finished-at="2019-03-03T23:06:31Z">
          <reporter-output>
          </reporter-output>
        </test-method> <!-- Test1 -->
      </class> <!-- RestAssuredMaven.RestAssuredMaven.CreateAndDeletePlaceTest -->
      <class name="RestAssuredMaven.RestAssuredMaven.PostCreatePlaceTest">
        <test-method status="PASS" signature="Test1()[pri:0, instance:RestAssuredMaven.RestAssuredMaven.PostCreatePlaceTest@4667ae56]" name="Test1" duration-ms="821" started-at="2019-03-03T23:06:31Z" finished-at="2019-03-03T23:06:32Z">
          <reporter-output>
          </reporter-output>
        </test-method> <!-- Test1 -->
      </class> <!-- RestAssuredMaven.RestAssuredMaven.PostCreatePlaceTest -->
      <class name="RestAssuredMaven.RestAssuredMaven.CreateDeletePlaceConfigTest">
        <test-method status="PASS" signature="getData()[pri:0, instance:RestAssuredMaven.RestAssuredMaven.CreateDeletePlaceConfigTest@343f4d3d]" name="getData" is-config="true" duration-ms="24" started-at="2019-03-03T23:06:19Z" finished-at="2019-03-03T23:06:19Z">
          <reporter-output>
          </reporter-output>
        </test-method> <!-- getData -->
        <test-method status="PASS" signature="getData()[pri:0, instance:RestAssuredMaven.RestAssuredMaven.JiraAPIAddUpdateCommentPUT@5442a311]" name="getData" is-config="true" duration-ms="0" started-at="2019-03-03T23:06:19Z" finished-at="2019-03-03T23:06:19Z">
          <reporter-output>
          </reporter-output>
        </test-method> <!-- getData -->
        <test-method status="PASS" signature="getData()[pri:0, instance:RestAssuredMaven.RestAssuredMaven.JiraAPIBasics@53b32d7]" name="getData" is-config="true" duration-ms="2" started-at="2019-03-03T23:06:19Z" finished-at="2019-03-03T23:06:19Z">
          <reporter-output>
          </reporter-output>
        </test-method> <!-- getData -->
        <test-method status="PASS" signature="Test1()[pri:0, instance:RestAssuredMaven.RestAssuredMaven.CreateDeletePlaceConfigTest@343f4d3d]" name="Test1" duration-ms="4462" started-at="2019-03-03T23:06:19Z" finished-at="2019-03-03T23:06:23Z">
          <reporter-output>
          </reporter-output>
        </test-method> <!-- Test1 -->
      </class> <!-- RestAssuredMaven.RestAssuredMaven.CreateDeletePlaceConfigTest -->
      <class name="RestAssuredMaven.RestAssuredMaven.DataParameterizationTest">
        <test-method status="PASS" signature="addBook(java.lang.String, java.lang.String)[pri:0, instance:RestAssuredMaven.RestAssuredMaven.DataParameterizationTest@548e7350]" name="addBook" duration-ms="1738" started-at="2019-03-03T23:06:23Z" data-provider="BooksData" finished-at="2019-03-03T23:06:25Z">
          <params>
            <param index="0">
              <value>
                <![CDATA[abc]]>
              </value>
            </param>
            <param index="1">
              <value>
                <![CDATA[1236]]>
              </value>
            </param>
          </params>
          <reporter-output>
          </reporter-output>
        </test-method> <!-- addBook -->
        <test-method status="PASS" signature="addBook(java.lang.String, java.lang.String)[pri:0, instance:RestAssuredMaven.RestAssuredMaven.DataParameterizationTest@548e7350]" name="addBook" duration-ms="1521" started-at="2019-03-03T23:06:25Z" data-provider="BooksData" finished-at="2019-03-03T23:06:26Z">
          <params>
            <param index="0">
              <value>
                <![CDATA[def]]>
              </value>
            </param>
            <param index="1">
              <value>
                <![CDATA[4561]]>
              </value>
            </param>
          </params>
          <reporter-output>
          </reporter-output>
        </test-method> <!-- addBook -->
        <test-method status="PASS" signature="addBook(java.lang.String, java.lang.String)[pri:0, instance:RestAssuredMaven.RestAssuredMaven.DataParameterizationTest@548e7350]" name="addBook" duration-ms="1277" started-at="2019-03-03T23:06:26Z" data-provider="BooksData" finished-at="2019-03-03T23:06:28Z">
          <params>
            <param index="0">
              <value>
                <![CDATA[ghi]]>
              </value>
            </param>
            <param index="1">
              <value>
                <![CDATA[7890]]>
              </value>
            </param>
          </params>
          <reporter-output>
          </reporter-output>
        </test-method> <!-- addBook -->
      </class> <!-- RestAssuredMaven.RestAssuredMaven.DataParameterizationTest -->
      <class name="RestAssuredMaven.RestAssuredMaven.CreateAndDeletePlaceXMLTest">
        <test-method status="FAIL" signature="Test1()[pri:0, instance:RestAssuredMaven.RestAssuredMaven.CreateAndDeletePlaceXMLTest@754ba872]" name="Test1" duration-ms="903" started-at="2019-03-03T23:06:41Z" finished-at="2019-03-03T23:06:42Z">
          <exception class="io.restassured.path.xml.exception.XmlPathException">
            <message>
              <![CDATA[Failed to parse the XML document]]>
            </message>
            <full-stacktrace>
              <![CDATA[io.restassured.path.xml.exception.XmlPathException: Failed to parse the XML document
at io.restassured.path.xml.XmlPath$LazyXmlParser.invoke(XmlPath.java:1021)
at io.restassured.path.xml.XmlPath.getFromPath(XmlPath.java:422)
at io.restassured.path.xml.XmlPath.get(XmlPath.java:317)
at RestAssuredMaven.RestAssuredMaven.CreateAndDeletePlaceXMLTest.Test1(CreateAndDeletePlaceXMLTest.java:61)
at sun.reflect.NativeMethodAccessorImpl.invoke0(Native Method)
at sun.reflect.NativeMethodAccessorImpl.invoke(NativeMethodAccessorImpl.java:62)
at sun.reflect.DelegatingMethodAccessorImpl.invoke(DelegatingMethodAccessorImpl.java:43)
at java.lang.reflect.Method.invoke(Method.java:498)
at org.testng.internal.MethodInvocationHelper.invokeMethod(MethodInvocationHelper.java:124)
at org.testng.internal.Invoker.invokeMethod(Invoker.java:583)
at org.testng.internal.Invoker.invokeTestMethod(Invoker.java:719)
at org.testng.internal.Invoker.invokeTestMethods(Invoker.java:989)
at org.testng.internal.TestMethodWorker.invokeTestMethods(TestMethodWorker.java:125)
at org.testng.internal.TestMethodWorker.run(TestMethodWorker.java:109)
at org.testng.TestRunner.privateRun(TestRunner.java:648)
at org.testng.TestRunner.run(TestRunner.java:505)
at org.testng.SuiteRunner.runTest(SuiteRunner.java:455)
at org.testng.SuiteRunner.runSequentially(SuiteRunner.java:450)
at org.testng.SuiteRunner.privateRun(SuiteRunner.java:415)
at org.testng.SuiteRunner.run(SuiteRunner.java:364)
at org.testng.SuiteRunnerWorker.runSuite(SuiteRunnerWorker.java:52)
at org.testng.SuiteRunnerWorker.run(SuiteRunnerWorker.java:84)
at org.testng.TestNG.runSuitesSequentially(TestNG.java:1208)
at org.testng.TestNG.runSuitesLocally(TestNG.java:1137)
at org.testng.TestNG.runSuites(TestNG.java:1049)
at org.testng.TestNG.run(TestNG.java:1017)
at org.apache.maven.surefire.testng.TestNGExecutor.run(TestNGExecutor.java:295)
at org.apache.maven.surefire.testng.TestNGXmlTestSuite.execute(TestNGXmlTestSuite.java:84)
at org.apache.maven.surefire.testng.TestNGProvider.invoke(TestNGProvider.java:90)
at org.apache.maven.surefire.booter.ForkedBooter.invokeProviderInSameClassLoader(ForkedBooter.java:203)
at org.apache.maven.surefire.booter.ForkedBooter.runSuitesInProcess(ForkedBooter.java:155)
at org.apache.maven.surefire.booter.ForkedBooter.main(ForkedBooter.java:103)
Caused by: org.xml.sax.SAXParseException; lineNumber: 1; columnNumber: 1; Premature end of file.
at com.sun.org.apache.xerces.internal.parsers.AbstractSAXParser.parse(AbstractSAXParser.java:1239)
at com.sun.org.apache.xerces.internal.jaxp.SAXParserImpl$JAXPSAXParser.parse(SAXParserImpl.java:643)
at groovy.util.XmlSlurper.parse(XmlSlurper.java:205)
at groovy.util.XmlSlurper.parse(XmlSlurper.java:258)
at groovy.util.XmlSlurper.parseText(XmlSlurper.java:284)
at io.restassured.path.xml.XmlPath$1.method(XmlPath.java:838)
at io.restassured.path.xml.XmlPath$LazyXmlParser.invoke(XmlPath.java:1014)
... 31 more
]]>
            </full-stacktrace>
          </exception> <!-- io.restassured.path.xml.exception.XmlPathException -->
          <reporter-output>
          </reporter-output>
        </test-method> <!-- Test1 -->
      </class> <!-- RestAssuredMaven.RestAssuredMaven.CreateAndDeletePlaceXMLTest -->
    </test> <!-- RestAPI -->
  </suite> <!-- Suite -->
</testng-results>
